2020-02-07T10:15:29.247960Z mysqld_safe Logging to '/var/log/mysql/error.log'.
2020-02-07T10:15:29.269089Z mysqld_safe Starting mysqld daemon with databases from /var/lib/mysql
2020-02-07T10:15:29.452749Z 0 [Warning] TIMESTAMP with implicit DEFAULT value is deprecated. Please use --explicit_defaults_for_timestamp server option (see documentation for more details).
2020-02-07T10:15:29.456804Z 0 [Note] /usr/sbin/mysqld (mysqld 5.7.29-0ubuntu0.18.04.1) starting as process 454 ...
2020-02-07T10:15:29.466994Z 0 [Note] InnoDB: PUNCH HOLE support available
2020-02-07T10:15:29.467404Z 0 [Note] InnoDB: Mutexes and rw_locks use GCC atomic builtins
2020-02-07T10:15:29.467732Z 0 [Note] InnoDB: Uses event mutexes
2020-02-07T10:15:29.468029Z 0 [Note] InnoDB: GCC builtin __atomic_thread_fence() is used for memory barrier
2020-02-07T10:15:29.468334Z 0 [Note] InnoDB: Compressed tables use zlib 1.2.11
2020-02-07T10:15:29.468587Z 0 [Note] InnoDB: Using Linux native AIO
2020-02-07T10:15:29.469005Z 0 [Note] InnoDB: Number of pools: 1
2020-02-07T10:15:29.469377Z 0 [Note] InnoDB: Using CPU crc32 instructions
2020-02-07T10:15:29.470675Z 0 [Note] InnoDB: Initializing buffer pool, total size = 128M, instances = 1, chunk size = 128M
2020-02-07T10:15:29.478329Z 0 [Note] InnoDB: Completed initialization of buffer pool
2020-02-07T10:15:29.480506Z 0 [Note] InnoDB: If the mysqld execution user is authorized, page cleaner thread priority can be changed. See the man page of setpriority().
2020-02-07T10:15:29.518093Z 0 [Note] InnoDB: Highest supported file format is Barracuda.
2020-02-07T10:15:29.532575Z 0 [Note] InnoDB: Log scan progressed past the checkpoint lsn 2638539
2020-02-07T10:15:29.532916Z 0 [Note] InnoDB: Doing recovery: scanned up to log sequence number 2638548
2020-02-07T10:15:29.533240Z 0 [Note] InnoDB: Database was not shutdown normally!
2020-02-07T10:15:29.533546Z 0 [Note] InnoDB: Starting crash recovery.
2020-02-07T10:15:29.724774Z 0 [Note] InnoDB: Removed temporary tablespace data file: "ibtmp1"
2020-02-07T10:15:29.725063Z 0 [Note] InnoDB: Creating shared tablespace for temporary tables
2020-02-07T10:15:29.726048Z 0 [Note] InnoDB: Setting file './ibtmp1' size to 12 MB. Physically writing the file full; Please wait ...
2020-02-07T10:15:29.774609Z 0 [Note] InnoDB: File './ibtmp1' size is now 12 MB.
2020-02-07T10:15:29.778407Z 0 [Note] InnoDB: 96 redo rollback segment(s) found. 96 redo rollback segment(s) are active.
2020-02-07T10:15:29.778864Z 0 [Note] InnoDB: 32 non-redo rollback segment(s) are active.
2020-02-07T10:15:29.779932Z 0 [Note] InnoDB: 5.7.29 started; log sequence number 2638548
2020-02-07T10:15:29.780572Z 0 [Note] Plugin 'FEDERATED' is disabled.
2020-02-07T10:15:29.781802Z 0 [Note] InnoDB: Loading buffer pool(s) from /var/lib/mysql/ib_buffer_pool
2020-02-07T10:15:29.817121Z 0 [Note] Found ca.pem, server-cert.pem and server-key.pem in data directory. Trying to enable SSL support using them.
2020-02-07T10:15:29.817478Z 0 [Note] Skipping generation of SSL certificates as certificate files are present in data directory.
2020-02-07T10:15:29.825635Z 0 [Warning] CA certificate ca.pem is self signed.
2020-02-07T10:15:29.826988Z 0 [Note] Skipping generation of RSA key pair as key files are present in data directory.
2020-02-07T10:15:29.831142Z 0 [Note] InnoDB: Buffer pool(s) load completed at 200207 18:15:29
2020-02-07T10:15:29.831779Z 0 [Note] Server hostname (bind-address): '127.0.0.1'; port: 3306
2020-02-07T10:15:29.832056Z 0 [Note]   - '127.0.0.1' resolves to '127.0.0.1';
2020-02-07T10:15:29.832317Z 0 [Note] Server socket created on IP: '127.0.0.1'.
2020-02-07T10:15:30.095507Z 0 [Note] Event Scheduler: Loaded 0 events
2020-02-07T10:15:30.096057Z 0 [Note] /usr/sbin/mysqld: ready for connections.
Version: '5.7.29-0ubuntu0.18.04.1'  socket: '/var/run/mysqld/mysqld.sock'  port: 3306  (Ubuntu)
